<?xml version="1.0" encoding="UTF-8"?>
<!-- Generated by org.testng.reporters.JUnitXMLReporter -->
<testsuite hostname="LP-5CD8071T53" name="Test" tests="10" failures="0" timestamp="9 Mar 2021 05:39:27 GMT" time="0.083" errors="0">
  <testcase name="NonFunctiona" time="0.021" classname="qaclickacademy.Mavenjava.ManualTest"/>
  <testcase name="functional" time="0.001" classname="qaclickacademy.Mavenjava.ManualTest"/>
  <testcase name="RestApi" time="0.001" classname="qaclickacademy.Mavenjava.APITest"/>
  <testcase name="SoapUI" time="0.002" classname="qaclickacademy.Mavenjava.APITest"/>
  <testcase name="SeleniumCode" time="0.001" classname="qaclickacademy.Mavenjava.AutomationTest"/>
  <testcase name="HPLoadRunner" time="0.001" classname="qaclickacademy.Mavenjava.PerformanceTest"/>
  <testcase name="jmeter" time="0.003" classname="qaclickacademy.Mavenjava.PerformanceTest"/>
  <testcase name="Appium" time="0.002" classname="qaclickacademy.Mavenjava.MobileTest"/>
  <testcase name="ctest" time="0.002" classname="qaclickacademy.Mavenjava.MobileTest"/>
  <testcase name="katalon" time="0.002" classname="qaclickacademy.Mavenjava.MobileTest"/>
</testsuite> <!-- Test -->
