<?xml version="1.0" encoding="UTF-8"?>
<!-- Generated by org.testng.reporters.JUnitXMLReporter -->
<testsuite hostname="LP-5CD8071T53" ignored="0" name="Test" tests="9" failures="0" timestamp="2021-03-18T04:09:29 IST" time="0.08" errors="0">
  <testcase name="NonFunctiona" time="0.011" classname="qaclickacademy.Mavenjava.ManualTest"/>
  <testcase name="katalon" time="0.01" classname="qaclickacademy.Mavenjava.MobileTest"/>
  <testcase name="QTPCode" time="0.012" classname="qaclickacademy.Mavenjava.AutomationTest"/>
  <testcase name="Appium" time="0.01" classname="qaclickacademy.Mavenjava.MobileTest"/>
  <testcase name="functional" time="0.009" classname="qaclickacademy.Mavenjava.ManualTest"/>
  <testcase name="SeleniumCode" time="0.012" classname="qaclickacademy.Mavenjava.AutomationTest"/>
  <testcase name="HPLoadRunner" time="0.01" classname="qaclickacademy.Mavenjava.PerformanceTest"/>
  <testcase name="jmeter" time="0.012" classname="qaclickacademy.Mavenjava.PerformanceTest"/>
  <testcase name="ctest" time="0.011" classname="qaclickacademy.Mavenjava.MobileTest"/>
</testsuite> <!-- Test -->
