<?xml version="1.0" encoding="UTF-8"?>
<!-- Generated by org.testng.reporters.JUnitXMLReporter -->
<testsuite hostname="LP-5CD8071T53" ignored="2" tests="0" failures="0" timestamp="2021-03-14T09:09:21 IST" time="0.015" errors="0">
  <testcase name="functional" time="0.0" classname="qaclickacademy.Mavenjava.ManualTest">
    <ignored/>
  </testcase> <!-- functional -->
  <testcase name="NonFunctiona" time="0.0" classname="qaclickacademy.Mavenjava.ManualTest">
    <ignored/>
  </testcase> <!-- NonFunctiona -->
</testsuite>
