<?xml version="1.0" encoding="UTF-8"?>
<testsuite xmlns:xsi="http://www.w3.org/2001/XMLSchema-instance" xsi:noNamespaceSchemaLocation="https://maven.apache.org/surefire/maven-surefire-plugin/xsd/surefire-test-report-3.0.xsd" version="3.0" name="qaclickacademy.Mavenjava.APITest" time="2.544" tests="2" errors="0" skipped="0" failures="2">
  <properties>
[...]
</properties>
  <testcase name="SoapUI" classname="qaclickacademy.Mavenjava.APITest" time="1.962">
    <failure message="&#10;Parameter &apos;systemPropertyVariables&apos; is required by @Test on method SoapUI but has not been marked @Optional or defined&#10;" type="org.testng.TestNGException"><![CDATA[org.testng.TestNGException: 

Parameter 'systemPropertyVariables' is required by @Test on method SoapUI but has not been marked @Optional or defined

]]></failure>
    <system-out><![CDATA[[TestNG] RUNNING: Suite: "Surefire test" containing "2" Tests (config: null)
The test is failclass org.testng.internal.TestResult
The test is failclass org.testng.internal.TestResult
[TestNG] FAILED: "Surefire test" - qaclickacademy.Mavenjava.APITest.RestApi(java.lang.String) finished in 0 ms
[TestNG] org.testng.TestNGException: 
[TestNG] Parameter 'systemPropertyVariables' is required by @Test on method RestApi but has not been marked @Optional or defined
[TestNG] 
[TestNG] 	at org.testng.internal.Parameters.createParams(Parameters.java:268)
[TestNG] 	at org.testng.internal.Parameters.createParametersForMethod(Parameters.java:356)
[TestNG] 	at org.testng.internal.Parameters.createParameters(Parameters.java:700)
[TestNG] 	at org.testng.internal.Parameters.handleParameters(Parameters.java:875)
[TestNG] 	at org.testng.internal.Parameters.handleParameters(Parameters.java:740)
[TestNG] 	at org.testng.internal.ParameterHandler.handleParameters(ParameterHandler.java:59)
[TestNG] 	at org.testng.internal.ParameterHandler.createParameters(ParameterHandler.java:38)
[TestNG] 	at org.testng.internal.TestInvoker$MethodInvocationAgent.invoke(TestInvoker.java:789)
[TestNG] 	at org.testng.internal.TestInvoker.invokeTestMethods(TestInvoker.java:147)
[TestNG] 	at org.testng.internal.TestMethodWorker.invokeTestMethods(TestMethodWorker.java:146)
[TestNG] 	at org.testng.internal.TestMethodWorker.run(TestMethodWorker.java:128)
[TestNG] 	at java.util.concurrent.ThreadPoolExecutor.runWorker(ThreadPoolExecutor.java:1142)
[TestNG] 	at java.util.concurrent.ThreadPoolExecutor$Worker.run(ThreadPoolExecutor.java:617)
[TestNG] 	at java.lang.Thread.run(Thread.java:745)
[TestNG] FAILED: "Surefire test" - qaclickacademy.Mavenjava.APITest.SoapUI(java.lang.String) finished in 0 ms
[TestNG] org.testng.TestNGException: 
[TestNG] Parameter 'systemPropertyVariables' is required by @Test on method SoapUI but has not been marked @Optional or defined
[TestNG] 
[TestNG] 	at org.testng.internal.Parameters.createParams(Parameters.java:268)
[TestNG] 	at org.testng.internal.Parameters.createParametersForMethod(Parameters.java:356)
[TestNG] 	at org.testng.internal.Parameters.createParameters(Parameters.java:700)
[TestNG] 	at org.testng.internal.Parameters.handleParameters(Parameters.java:875)
[TestNG] 	at org.testng.internal.Parameters.handleParameters(Parameters.java:740)
[TestNG] 	at org.testng.internal.ParameterHandler.handleParameters(ParameterHandler.java:59)
[TestNG] 	at org.testng.internal.ParameterHandler.createParameters(ParameterHandler.java:38)
[TestNG] 	at org.testng.internal.TestInvoker$MethodInvocationAgent.invoke(TestInvoker.java:789)
[TestNG] 	at org.testng.internal.TestInvoker.invokeTestMethods(TestInvoker.java:147)
[TestNG] 	at org.testng.internal.TestMethodWorker.invokeTestMethods(TestMethodWorker.java:146)
[TestNG] 	at org.testng.internal.TestMethodWorker.run(TestMethodWorker.java:128)
[TestNG] 	at java.util.concurrent.ThreadPoolExecutor.runWorker(ThreadPoolExecutor.java:1142)
[TestNG] 	at java.util.concurrent.ThreadPoolExecutor$Worker.run(ThreadPoolExecutor.java:617)
[TestNG] 	at java.lang.Thread.run(Thread.java:745)
]]></system-out>
    <system-err><![CDATA[[Utils] [ERROR] [Error] org.testng.TestNGException: 
Parameter &apos;systemPropertyVariables&apos; is required by @Test on method SoapUI but has not been marked @Optional or defined

	at org.testng.internal.Parameters.createParams(Parameters.java:268)
	at org.testng.internal.Parameters.createParametersForMethod(Parameters.java:356)
	at org.testng.internal.Parameters.createParameters(Parameters.java:700)
	at org.testng.internal.Parameters.handleParameters(Parameters.java:875)
	at org.testng.internal.Parameters.handleParameters(Parameters.java:740)
	at org.testng.internal.ParameterHandler.handleParameters(ParameterHandler.java:59)
	at org.testng.internal.ParameterHandler.createParameters(ParameterHandler.java:38)
	at org.testng.internal.TestInvoker$MethodInvocationAgent.invoke(TestInvoker.java:789)
	at org.testng.internal.TestInvoker.invokeTestMethods(TestInvoker.java:147)
	at org.testng.internal.TestMethodWorker.invokeTestMethods(TestMethodWorker.java:146)
	at org.testng.internal.TestMethodWorker.run(TestMethodWorker.java:128)
	at java.util.concurrent.ThreadPoolExecutor.runWorker(ThreadPoolExecutor.java:1142)
	at java.util.concurrent.ThreadPoolExecutor$Worker.run(ThreadPoolExecutor.java:617)
	at java.lang.Thread.run(Thread.java:745)

[Utils] [ERROR] [Error] org.testng.TestNGException: 
Parameter &apos;systemPropertyVariables&apos; is required by @Test on method RestApi but has not been marked @Optional or defined

	at org.testng.internal.Parameters.createParams(Parameters.java:268)
	at org.testng.internal.Parameters.createParametersForMethod(Parameters.java:356)
	at org.testng.internal.Parameters.createParameters(Parameters.java:700)
	at org.testng.internal.Parameters.handleParameters(Parameters.java:875)
	at org.testng.internal.Parameters.handleParameters(Parameters.java:740)
	at org.testng.internal.ParameterHandler.handleParameters(ParameterHandler.java:59)
	at org.testng.internal.ParameterHandler.createParameters(ParameterHandler.java:38)
	at org.testng.internal.TestInvoker$MethodInvocationAgent.invoke(TestInvoker.java:789)
	at org.testng.internal.TestInvoker.invokeTestMethods(TestInvoker.java:147)
	at org.testng.internal.TestMethodWorker.invokeTestMethods(TestMethodWorker.java:146)
	at org.testng.internal.TestMethodWorker.run(TestMethodWorker.java:128)
	at java.util.concurrent.ThreadPoolExecutor.runWorker(ThreadPoolExecutor.java:1142)
	at java.util.concurrent.ThreadPoolExecutor$Worker.run(ThreadPoolExecutor.java:617)
	at java.lang.Thread.run(Thread.java:745)

]]></system-err>
  </testcase>
  <testcase name="RestApi" classname="qaclickacademy.Mavenjava.APITest" time="1.964">
    <failure message="&#10;Parameter &apos;systemPropertyVariables&apos; is required by @Test on method RestApi but has not been marked @Optional or defined&#10;" type="org.testng.TestNGException"><![CDATA[org.testng.TestNGException: 

Parameter 'systemPropertyVariables' is required by @Test on method RestApi but has not been marked @Optional or defined

]]></failure>
  </testcase>
</testsuite>